<?xml version="1.0" encoding="UTF-8"?>
<!-- Generated by org.testng.reporters.JUnitReportReporter -->
<testsuite hostname="GURU" failures="0" tests="1" name="MerchantSideTestScript.ProfileDetailsTest" time="44.316" errors="0" timestamp="2024-02-02T17:14:07 IST" skipped="0">
  <testcase classname="MerchantSideTestScript.ProfileDetailsTest" name="sideNaviMenuTest" time="44.316"/>
  <system-out/>
</testsuite> <!-- MerchantSideTestScript.ProfileDetailsTest -->
