<?xml version="1.0" encoding="UTF-8"?>
<!-- Generated by org.testng.reporters.JUnitReportReporter -->
<testsuite hostname="GURU" failures="0" tests="2" name="PluginTestScripts.PluginStepupTest" time="85.205" errors="0" timestamp="2024-03-13T12:40:57 IST" skipped="0">
  <testcase classname="PluginTestScripts.PluginStepupTest" name="checkPGWithoutInstallingPlugin" time="26.175"/>
  <system-out/>
  <testcase classname="PluginTestScripts.PluginStepupTest" name="pluginInstalVerification" time="59.030"/>
  <system-out/>
</testsuite> <!-- PluginTestScripts.PluginStepupTest -->
