<?xml version="1.0" encoding="UTF-8"?>
<!-- Generated by org.testng.reporters.JUnitReportReporter -->
<testsuite hostname="GURU" failures="0" tests="1" name="PluginTestScripts.CustomerSidePurchaseProtection" time="43.492" errors="0" timestamp="2024-03-21T15:14:50 IST" skipped="0">
  <testcase classname="PluginTestScripts.CustomerSidePurchaseProtection" name="checkCustomerAbleToUsePP" time="43.492"/>
  <system-out/>
</testsuite> <!-- PluginTestScripts.CustomerSidePurchaseProtection -->
