<?xml version="1.0" encoding="UTF-8"?>
<!-- Generated by org.testng.reporters.JUnitReportReporter -->
<testsuite hostname="GURU" failures="0" tests="1" name="PurchaseProtectionTestScript.Testing" time="0.009" errors="0" timestamp="2024-01-25T13:25:14 IST" skipped="0">
  <testcase classname="PurchaseProtectionTestScript.Testing" name="test" time="0.009"/>
  <system-out/>
</testsuite> <!-- PurchaseProtectionTestScript.Testing -->
