<?xml version="1.0" encoding="UTF-8"?>
<!-- Generated by org.testng.reporters.JUnitReportReporter -->
<testsuite hostname="GURU" failures="0" tests="1" name="PurchaseProtectionTestScript.Testing" time="0.088" errors="0" timestamp="2024-03-19T11:19:02 IST" skipped="0">
  <testcase classname="PurchaseProtectionTestScript.Testing" name="date" time="0.088"/>
  <system-out/>
</testsuite> <!-- PurchaseProtectionTestScript.Testing -->
