<?xml version="1.0" encoding="UTF-8"?>
<!-- Generated by org.testng.reporters.JUnitReportReporter -->
<testsuite hostname="GURU" failures="0" tests="2" name="MerchantSideTestScript.LoginAndOtpVerificationTest" time="113.078" errors="0" timestamp="2024-02-01T12:26:15 IST" skipped="0">
  <testcase classname="MerchantSideTestScript.LoginAndOtpVerificationTest" name="testWithInvalidInput" time="60.622"/>
  <system-out/>
  <testcase classname="MerchantSideTestScript.LoginAndOtpVerificationTest" name="testWithValidInput" time="52.456"/>
  <system-out/>
</testsuite> <!-- MerchantSideTestScript.LoginAndOtpVerificationTest -->
